<?xml version="1.0" encoding="UTF-8"?>
<testsuite name="com.letscode.classesapi.PresencaServiceTests" tests="3" skipped="0" failures="0" errors="0" timestamp="2022-05-24T00:55:07" hostname="MacBook-Pro-de-Ricardo.local" time="27.563">
  <properties/>
  <testcase name="testNonExistingAluno()" classname="com.letscode.classesapi.PresencaServiceTests" time="2.314"/>
  <testcase name="testExistingAlunoWithError()" classname="com.letscode.classesapi.PresencaServiceTests" time="25.194"/>
  <testcase name="testInsertionAlunoSuccess()" classname="com.letscode.classesapi.PresencaServiceTests" time="0.042"/>
  <system-out><![CDATA[2022-05-23 21:55:00.411  INFO 8104 --- [    Test worker] b.t.a.w.r.WebFluxTestContextBootstrapper : Neither @ContextConfiguration nor @ContextHierarchy found for test class [com.letscode.classesapi.PresencaServiceTests], using SpringBootContextLoader
2022-05-23 21:55:00.412  INFO 8104 --- [    Test worker] o.s.t.c.support.AbstractContextLoader    : Could not detect default resource locations for test class [com.letscode.classesapi.PresencaServiceTests]: no resource found for suffixes {-context.xml, Context.groovy}.
2022-05-23 21:55:00.413  INFO 8104 --- [    Test worker] t.c.s.AnnotationConfigContextLoaderUtils : Could not detect default configuration classes for test class [com.letscode.classesapi.PresencaServiceTests]: PresencaServiceTests does not declare any static, non-private, non-final, nested classes annotated with @Configuration.
2022-05-23 21:55:00.444  INFO 8104 --- [    Test worker] .b.t.c.SpringBootTestContextBootstrapper : Found @SpringBootConfiguration com.letscode.classesapi.ClassesApiApplication for test class com.letscode.classesapi.PresencaServiceTests
2022-05-23 21:55:00.446  INFO 8104 --- [    Test worker] b.t.a.w.r.WebFluxTestContextBootstrapper : Loaded default TestExecutionListener class names from location [META-INF/spring.factories]: [org.springframework.boot.test.autoconfigure.restdocs.RestDocsTestExecutionListener, org.springframework.boot.test.autoconfigure.web.client.MockRestServiceServerResetTestExecutionListener, org.springframework.boot.test.autoconfigure.web.servlet.MockMvcPrintOnlyOnFailureTestExecutionListener, org.springframework.boot.test.autoconfigure.web.servlet.WebDriverTestExecutionListener, org.springframework.boot.test.autoconfigure.webservices.client.MockWebServiceServerTestExecutionListener, org.springframework.boot.test.mock.mockito.MockitoTestExecutionListener, org.springframework.boot.test.mock.mockito.ResetMocksTestExecutionListener, org.springframework.test.context.web.ServletTestExecutionListener, org.springframework.test.context.support.DirtiesContextBeforeModesTestExecutionListener, org.springframework.test.context.event.ApplicationEventsTestExecutionListener, org.springframework.test.context.support.DependencyInjectionTestExecutionListener, org.springframework.test.context.support.DirtiesContextTestExecutionListener, org.springframework.test.context.transaction.TransactionalTestExecutionListener, org.springframework.test.context.jdbc.SqlScriptsTestExecutionListener, org.springframework.test.context.event.EventPublishingTestExecutionListener]
2022-05-23 21:55:00.448  INFO 8104 --- [    Test worker] b.t.a.w.r.WebFluxTestContextBootstrapper : Using TestExecutionListeners: [org.springframework.test.context.support.DirtiesContextBeforeModesTestExecutionListener@737ff5c4, org.springframework.test.context.event.ApplicationEventsTestExecutionListener@7e9a836, org.springframework.boot.test.mock.mockito.MockitoTestExecutionListener@124ff64d, org.springframework.boot.test.autoconfigure.SpringBootDependencyInjectionTestExecutionListener@75aa7703, org.springframework.test.context.support.DirtiesContextTestExecutionListener@79777da7, org.springframework.test.context.transaction.TransactionalTestExecutionListener@3395c2a7, org.springframework.test.context.jdbc.SqlScriptsTestExecutionListener@5e05a706, org.springframework.test.context.event.EventPublishingTestExecutionListener@7831d1aa, org.springframework.boot.test.autoconfigure.restdocs.RestDocsTestExecutionListener@3a69014e, org.springframework.boot.test.autoconfigure.web.client.MockRestServiceServerResetTestExecutionListener@27746c5e, org.springframework.boot.test.autoconfigure.web.servlet.MockMvcPrintOnlyOnFailureTestExecutionListener@543ac221, org.springframework.boot.test.autoconfigure.web.servlet.WebDriverTestExecutionListener@2270f58d, org.springframework.boot.test.autoconfigure.webservices.client.MockWebServiceServerTestExecutionListener@50e1f3fc, org.springframework.boot.test.mock.mockito.ResetMocksTestExecutionListener@54737322]

  .   ____          _            __ _ _
 /\\ / ___'_ __ _ _(_)_ __  __ _ \ \ \ \
( ( )\___ | '_ | '_| | '_ \/ _` | \ \ \ \
 \\/  ___)| |_)| | | | | || (_| |  ) ) ) )
  '  |____| .__|_| |_|_| |_\__, | / / / /
 =========|_|==============|___/=/_/_/_/
 :: Spring Boot ::                (v2.6.7)

2022-05-23 21:55:06.234  INFO 8104 --- [    Test worker] c.l.classesapi.PresencaServiceTests      : Starting PresencaServiceTests using Java 18.0.1.1 on MacBook-Pro-de-Ricardo.local with PID 8104 (started by ricardomaiostri in /Users/ricardomaiostri/classes-api)
2022-05-23 21:55:06.234  INFO 8104 --- [    Test worker] c.l.classesapi.PresencaServiceTests      : No active profile set, falling back to 1 default profile: "default"
2022-05-23 21:55:07.441  INFO 8104 --- [    Test worker] c.l.classesapi.PresencaServiceTests      : Started PresencaServiceTests in 6.447 seconds (JVM running for 37.349)
]]></system-out>
  <system-err><![CDATA[]]></system-err>
</testsuite>
