<?xml version="1.0" encoding="UTF-8"?>
<testsuite name="com.letscode.classesapi.ClassesApiApplicationTests" tests="1" skipped="0" failures="0" errors="0" timestamp="2022-05-19T00:56:14" hostname="MacBook-Pro-de-Ricardo.local" time="2.979">
  <properties/>
  <testcase name="contextLoads()" classname="com.letscode.classesapi.ClassesApiApplicationTests" time="2.979"/>
  <system-out><![CDATA[21:55:56.912 [Test worker] DEBUG org.springframework.test.context.BootstrapUtils - Instantiating CacheAwareContextLoaderDelegate from class [org.springframework.test.context.cache.DefaultCacheAwareContextLoaderDelegate]
21:55:56.946 [Test worker] DEBUG org.springframework.test.context.BootstrapUtils - Instantiating BootstrapContext using constructor [public org.springframework.test.context.support.DefaultBootstrapContext(java.lang.Class,org.springframework.test.context.CacheAwareContextLoaderDelegate)]
21:55:57.138 [Test worker] DEBUG org.springframework.test.context.BootstrapUtils - Instantiating TestContextBootstrapper for test class [com.letscode.classesapi.ClassesApiApplicationTests] from class [org.springframework.boot.test.context.SpringBootTestContextBootstrapper]
21:55:57.166 [Test worker] INFO org.springframework.boot.test.context.SpringBootTestContextBootstrapper - Neither @ContextConfiguration nor @ContextHierarchy found for test class [com.letscode.classesapi.ClassesApiApplicationTests], using SpringBootContextLoader
21:55:57.179 [Test worker] DEBUG org.springframework.test.context.support.AbstractContextLoader - Did not detect default resource location for test class [com.letscode.classesapi.ClassesApiApplicationTests]: class path resource [com/letscode/classesapi/ClassesApiApplicationTests-context.xml] does not exist
21:55:57.179 [Test worker] DEBUG org.springframework.test.context.support.AbstractContextLoader - Did not detect default resource location for test class [com.letscode.classesapi.ClassesApiApplicationTests]: class path resource [com/letscode/classesapi/ClassesApiApplicationTestsContext.groovy] does not exist
21:55:57.181 [Test worker] INFO org.springframework.test.context.support.AbstractContextLoader - Could not detect default resource locations for test class [com.letscode.classesapi.ClassesApiApplicationTests]: no resource found for suffixes {-context.xml, Context.groovy}.
21:55:57.183 [Test worker] INFO org.springframework.test.context.support.AnnotationConfigContextLoaderUtils - Could not detect default configuration classes for test class [com.letscode.classesapi.ClassesApiApplicationTests]: ClassesApiApplicationTests does not declare any static, non-private, non-final, nested classes annotated with @Configuration.
21:55:57.357 [Test worker] DEBUG org.springframework.test.context.support.ActiveProfilesUtils - Could not find an 'annotation declaring class' for annotation type [org.springframework.test.context.ActiveProfiles] and class [com.letscode.classesapi.ClassesApiApplicationTests]
21:55:57.571 [Test worker] DEBUG org.springframework.context.annotation.ClassPathScanningCandidateComponentProvider - Identified candidate component class: file [/Users/ricardomaiostri/classes-api/build/classes/java/main/com/letscode/classesapi/ClassesApiApplication.class]
21:55:57.573 [Test worker] INFO org.springframework.boot.test.context.SpringBootTestContextBootstrapper - Found @SpringBootConfiguration com.letscode.classesapi.ClassesApiApplication for test class com.letscode.classesapi.ClassesApiApplicationTests
21:55:57.859 [Test worker] DEBUG org.springframework.boot.test.context.SpringBootTestContextBootstrapper - @TestExecutionListeners is not present for class [com.letscode.classesapi.ClassesApiApplicationTests]: using defaults.
21:55:57.861 [Test worker] INFO org.springframework.boot.test.context.SpringBootTestContextBootstrapper - Loaded default TestExecutionListener class names from location [META-INF/spring.factories]: [org.springframework.boot.test.autoconfigure.restdocs.RestDocsTestExecutionListener, org.springframework.boot.test.autoconfigure.web.client.MockRestServiceServerResetTestExecutionListener, org.springframework.boot.test.autoconfigure.web.servlet.MockMvcPrintOnlyOnFailureTestExecutionListener, org.springframework.boot.test.autoconfigure.web.servlet.WebDriverTestExecutionListener, org.springframework.boot.test.autoconfigure.webservices.client.MockWebServiceServerTestExecutionListener, org.springframework.boot.test.mock.mockito.MockitoTestExecutionListener, org.springframework.boot.test.mock.mockito.ResetMocksTestExecutionListener, org.springframework.test.context.web.ServletTestExecutionListener, org.springframework.test.context.support.DirtiesContextBeforeModesTestExecutionListener, org.springframework.test.context.event.ApplicationEventsTestExecutionListener, org.springframework.test.context.support.DependencyInjectionTestExecutionListener, org.springframework.test.context.support.DirtiesContextTestExecutionListener, org.springframework.test.context.transaction.TransactionalTestExecutionListener, org.springframework.test.context.jdbc.SqlScriptsTestExecutionListener, org.springframework.test.context.event.EventPublishingTestExecutionListener]
21:55:57.889 [Test worker] DEBUG org.springframework.boot.test.context.SpringBootTestContextBootstrapper - Skipping candidate TestExecutionListener [org.springframework.test.context.web.ServletTestExecutionListener] due to a missing dependency. Specify custom listener classes or make the default listener classes and their required dependencies available. Offending class: [javax/servlet/ServletContext]
21:55:57.905 [Test worker] INFO org.springframework.boot.test.context.SpringBootTestContextBootstrapper - Using TestExecutionListeners: [org.springframework.test.context.support.DirtiesContextBeforeModesTestExecutionListener@1fcb4808, org.springframework.test.context.event.ApplicationEventsTestExecutionListener@726e5805, org.springframework.boot.test.mock.mockito.MockitoTestExecutionListener@40c80397, org.springframework.boot.test.autoconfigure.SpringBootDependencyInjectionTestExecutionListener@4b672daa, org.springframework.test.context.support.DirtiesContextTestExecutionListener@ea9b7c6, org.springframework.test.context.transaction.TransactionalTestExecutionListener@e077866, org.springframework.test.context.jdbc.SqlScriptsTestExecutionListener@ed3068a, org.springframework.test.context.event.EventPublishingTestExecutionListener@7c2b6087, org.springframework.boot.test.autoconfigure.restdocs.RestDocsTestExecutionListener@3fffff43, org.springframework.boot.test.autoconfigure.web.client.MockRestServiceServerResetTestExecutionListener@a8e6492, org.springframework.boot.test.autoconfigure.web.servlet.MockMvcPrintOnlyOnFailureTestExecutionListener@1c7fd41f, org.springframework.boot.test.autoconfigure.web.servlet.WebDriverTestExecutionListener@3b77a04f, org.springframework.boot.test.autoconfigure.webservices.client.MockWebServiceServerTestExecutionListener@7b324585, org.springframework.boot.test.mock.mockito.ResetMocksTestExecutionListener@2e11485]
21:55:57.916 [Test worker] DEBUG org.springframework.test.context.support.AbstractDirtiesContextTestExecutionListener - Before test class: context [DefaultTestContext@1fdfafd2 testClass = ClassesApiApplicationTests, testInstance = [null], testMethod = [null], testException = [null], mergedContextConfiguration = [ReactiveWebMergedContextConfiguration@a4b2d8f testClass = ClassesApiApplicationTests, locations = '{}', classes = '{class com.letscode.classesapi.ClassesApiApplication}', contextInitializerClasses = '[]', activeProfiles = '{}', propertySourceLocations = '{}', propertySourceProperties = '{org.springframework.boot.test.context.SpringBootTestContextBootstrapper=true}', contextCustomizers = set[org.springframework.boot.test.autoconfigure.actuate.metrics.MetricsExportContextCustomizerFactory$DisableMetricExportContextCustomizer@74a6f9c1, org.springframework.boot.test.autoconfigure.properties.PropertyMappingContextCustomizer@0, org.springframework.boot.test.autoconfigure.web.servlet.WebDriverContextCustomizerFactory$Customizer@432038ec, org.springframework.boot.test.context.filter.ExcludeFilterContextCustomizer@35645047, org.springframework.boot.test.json.DuplicateJsonObjectContextCustomizerFactory$DuplicateJsonObjectContextCustomizer@291f18, org.springframework.boot.test.mock.mockito.MockitoContextCustomizer@0, org.springframework.boot.test.web.client.TestRestTemplateContextCustomizer@6d167f58, org.springframework.boot.test.web.reactive.server.WebTestClientContextCustomizer@54504ecd, org.springframework.boot.test.context.SpringBootTestArgs@1, org.springframework.boot.test.context.SpringBootTestWebEnvironment@399c4be1], contextLoader = 'org.springframework.boot.test.context.SpringBootContextLoader', parent = [null]], attributes = map[[empty]]], class annotated with @DirtiesContext [false] with mode [null].
21:55:57.950 [Test worker] DEBUG org.springframework.test.context.support.DependencyInjectionTestExecutionListener - Performing dependency injection for test context [[DefaultTestContext@1fdfafd2 testClass = ClassesApiApplicationTests, testInstance = com.letscode.classesapi.ClassesApiApplicationTests@4721d212, testMethod = [null], testException = [null], mergedContextConfiguration = [ReactiveWebMergedContextConfiguration@a4b2d8f testClass = ClassesApiApplicationTests, locations = '{}', classes = '{class com.letscode.classesapi.ClassesApiApplication}', contextInitializerClasses = '[]', activeProfiles = '{}', propertySourceLocations = '{}', propertySourceProperties = '{org.springframework.boot.test.context.SpringBootTestContextBootstrapper=true}', contextCustomizers = set[org.springframework.boot.test.autoconfigure.actuate.metrics.MetricsExportContextCustomizerFactory$DisableMetricExportContextCustomizer@74a6f9c1, org.springframework.boot.test.autoconfigure.properties.PropertyMappingContextCustomizer@0, org.springframework.boot.test.autoconfigure.web.servlet.WebDriverContextCustomizerFactory$Customizer@432038ec, org.springframework.boot.test.context.filter.ExcludeFilterContextCustomizer@35645047, org.springframework.boot.test.json.DuplicateJsonObjectContextCustomizerFactory$DuplicateJsonObjectContextCustomizer@291f18, org.springframework.boot.test.mock.mockito.MockitoContextCustomizer@0, org.springframework.boot.test.web.client.TestRestTemplateContextCustomizer@6d167f58, org.springframework.boot.test.web.reactive.server.WebTestClientContextCustomizer@54504ecd, org.springframework.boot.test.context.SpringBootTestArgs@1, org.springframework.boot.test.context.SpringBootTestWebEnvironment@399c4be1], contextLoader = 'org.springframework.boot.test.context.SpringBootContextLoader', parent = [null]], attributes = map['org.springframework.test.context.event.ApplicationEventsTestExecutionListener.recordApplicationEvents' -> false]]].

  .   ____          _            __ _ _
 /\\ / ___'_ __ _ _(_)_ __  __ _ \ \ \ \
( ( )\___ | '_ | '_| | '_ \/ _` | \ \ \ \
 \\/  ___)| |_)| | | | | || (_| |  ) ) ) )
  '  |____| .__|_| |_|_| |_\__, | / / / /
 =========|_|==============|___/=/_/_/_/
 :: Spring Boot ::                (v2.6.7)

2022-05-18 21:56:04.474  INFO 7793 --- [    Test worker] c.l.c.ClassesApiApplicationTests         : Starting ClassesApiApplicationTests using Java 18.0.1.1 on MacBook-Pro-de-Ricardo.local with PID 7793 (started by ricardomaiostri in /Users/ricardomaiostri/classes-api)
2022-05-18 21:56:04.476  INFO 7793 --- [    Test worker] c.l.c.ClassesApiApplicationTests         : No active profile set, falling back to 1 default profile: "default"
2022-05-18 21:56:07.200  INFO 7793 --- [    Test worker] .s.d.r.c.RepositoryConfigurationDelegate : Bootstrapping Spring Data Reactive MongoDB repositories in DEFAULT mode.
2022-05-18 21:56:07.910  INFO 7793 --- [    Test worker] .s.d.r.c.RepositoryConfigurationDelegate : Finished Spring Data repository scanning in 699 ms. Found 1 Reactive MongoDB repository interfaces.
2022-05-18 21:56:11.100  INFO 7793 --- [    Test worker] org.mongodb.driver.cluster               : Cluster created with settings {hosts=[presencas-mongo:27018], mode=SINGLE, requiredClusterType=UNKNOWN, serverSelectionTimeout='30000 ms'}
2022-05-18 21:56:11.199  INFO 7793 --- [cas-mongo:27018] org.mongodb.driver.cluster               : Exception in monitor thread while connecting to server presencas-mongo:27018

com.mongodb.MongoSocketException: presencas-mongo
	at com.mongodb.ServerAddress.getSocketAddresses(ServerAddress.java:211) ~[mongodb-driver-core-4.4.2.jar:na]
	at com.mongodb.connection.netty.NettyStream.openAsync(NettyStream.java:163) ~[mongodb-driver-core-4.4.2.jar:na]
	at com.mongodb.connection.netty.NettyStream.open(NettyStream.java:154) ~[mongodb-driver-core-4.4.2.jar:na]
	at com.mongodb.internal.connection.InternalStreamConnection.open(InternalStreamConnection.java:180) ~[mongodb-driver-core-4.4.2.jar:na]
	at com.mongodb.internal.connection.DefaultServerMonitor$ServerMonitorRunnable.lookupServerDescription(DefaultServerMonitor.java:188) ~[mongodb-driver-core-4.4.2.jar:na]
	at com.mongodb.internal.connection.DefaultServerMonitor$ServerMonitorRunnable.run(DefaultServerMonitor.java:152) ~[mongodb-driver-core-4.4.2.jar:na]
	at java.base/java.lang.Thread.run(Thread.java:833) ~[na:na]
Caused by: java.net.UnknownHostException: presencas-mongo
	at java.base/java.net.InetAddress$CachedAddresses.get(InetAddress.java:948) ~[na:na]
	at java.base/java.net.InetAddress$NameServiceAddresses.get(InetAddress.java:1032) ~[na:na]
	at java.base/java.net.InetAddress.getAllByName0(InetAddress.java:1628) ~[na:na]
	at java.base/java.net.InetAddress.getAllByName(InetAddress.java:1494) ~[na:na]
	at com.mongodb.ServerAddress.getSocketAddresses(ServerAddress.java:203) ~[mongodb-driver-core-4.4.2.jar:na]
	... 6 common frames omitted

2022-05-18 21:56:14.512  INFO 7793 --- [    Test worker] c.l.c.ClassesApiApplicationTests         : Started ClassesApiApplicationTests in 16.474 seconds (JVM running for 20.931)
]]></system-out>
  <system-err><![CDATA[]]></system-err>
</testsuite>
