<?xml version="1.0" encoding="UTF-8"?>
<testsuite name="com.letscode.classesapi.PresencaServiceTests" tests="3" skipped="3" failures="0" errors="0" timestamp="2022-05-27T20:52:32" hostname="MacBook-Pro-de-Ricardo.local" time="0.001">
  <properties/>
  <testcase name="testNonExistingAluno()" classname="com.letscode.classesapi.PresencaServiceTests" time="0.0">
    <skipped/>
  </testcase>
  <testcase name="testExistingAlunoWithError()" classname="com.letscode.classesapi.PresencaServiceTests" time="0.0">
    <skipped/>
  </testcase>
  <testcase name="testInsertionAlunoSuccess()" classname="com.letscode.classesapi.PresencaServiceTests" time="0.0">
    <skipped/>
  </testcase>
  <system-out><![CDATA[]]></system-out>
  <system-err><![CDATA[]]></system-err>
</testsuite>
