<?xml version="1.0" encoding="UTF-8"?>
<testsuite name="com.letscode.classesapi.PresencaServiceTests" tests="1" skipped="0" failures="0" errors="0" timestamp="2022-05-21T00:53:35" hostname="MacBook-Pro-de-Ricardo.local" time="1.943">
  <properties/>
  <testcase name="testNonExistingAluno()" classname="com.letscode.classesapi.PresencaServiceTests" time="1.943"/>
  <system-out><![CDATA[21:53:28.018 [Test worker] DEBUG org.springframework.test.context.BootstrapUtils - Instantiating CacheAwareContextLoaderDelegate from class [org.springframework.test.context.cache.DefaultCacheAwareContextLoaderDelegate]
21:53:28.031 [Test worker] DEBUG org.springframework.test.context.BootstrapUtils - Instantiating BootstrapContext using constructor [public org.springframework.test.context.support.DefaultBootstrapContext(java.lang.Class,org.springframework.test.context.CacheAwareContextLoaderDelegate)]
21:53:28.130 [Test worker] DEBUG org.springframework.test.context.BootstrapUtils - Instantiating TestContextBootstrapper for test class [com.letscode.classesapi.PresencaServiceTests] from class [org.springframework.boot.test.autoconfigure.web.reactive.WebFluxTestContextBootstrapper]
21:53:28.158 [Test worker] INFO org.springframework.boot.test.autoconfigure.web.reactive.WebFluxTestContextBootstrapper - Neither @ContextConfiguration nor @ContextHierarchy found for test class [com.letscode.classesapi.PresencaServiceTests], using SpringBootContextLoader
21:53:28.163 [Test worker] DEBUG org.springframework.test.context.support.AbstractContextLoader - Did not detect default resource location for test class [com.letscode.classesapi.PresencaServiceTests]: class path resource [com/letscode/classesapi/PresencaServiceTests-context.xml] does not exist
21:53:28.164 [Test worker] DEBUG org.springframework.test.context.support.AbstractContextLoader - Did not detect default resource location for test class [com.letscode.classesapi.PresencaServiceTests]: class path resource [com/letscode/classesapi/PresencaServiceTestsContext.groovy] does not exist
21:53:28.164 [Test worker] INFO org.springframework.test.context.support.AbstractContextLoader - Could not detect default resource locations for test class [com.letscode.classesapi.PresencaServiceTests]: no resource found for suffixes {-context.xml, Context.groovy}.
21:53:28.165 [Test worker] INFO org.springframework.test.context.support.AnnotationConfigContextLoaderUtils - Could not detect default configuration classes for test class [com.letscode.classesapi.PresencaServiceTests]: PresencaServiceTests does not declare any static, non-private, non-final, nested classes annotated with @Configuration.
21:53:28.280 [Test worker] DEBUG org.springframework.test.context.support.ActiveProfilesUtils - Could not find an 'annotation declaring class' for annotation type [org.springframework.test.context.ActiveProfiles] and class [com.letscode.classesapi.PresencaServiceTests]
21:53:28.396 [Test worker] DEBUG org.springframework.context.annotation.ClassPathScanningCandidateComponentProvider - Identified candidate component class: file [/Users/ricardomaiostri/classes-api/build/classes/java/main/com/letscode/classesapi/ClassesApiApplication.class]
21:53:28.398 [Test worker] INFO org.springframework.boot.test.context.SpringBootTestContextBootstrapper - Found @SpringBootConfiguration com.letscode.classesapi.ClassesApiApplication for test class com.letscode.classesapi.PresencaServiceTests
21:53:28.407 [Test worker] DEBUG org.springframework.boot.test.autoconfigure.web.reactive.WebFluxTestContextBootstrapper - @TestExecutionListeners is not present for class [com.letscode.classesapi.PresencaServiceTests]: using defaults.
21:53:28.410 [Test worker] INFO org.springframework.boot.test.autoconfigure.web.reactive.WebFluxTestContextBootstrapper - Loaded default TestExecutionListener class names from location [META-INF/spring.factories]: [org.springframework.boot.test.autoconfigure.restdocs.RestDocsTestExecutionListener, org.springframework.boot.test.autoconfigure.web.client.MockRestServiceServerResetTestExecutionListener, org.springframework.boot.test.autoconfigure.web.servlet.MockMvcPrintOnlyOnFailureTestExecutionListener, org.springframework.boot.test.autoconfigure.web.servlet.WebDriverTestExecutionListener, org.springframework.boot.test.autoconfigure.webservices.client.MockWebServiceServerTestExecutionListener, org.springframework.boot.test.mock.mockito.MockitoTestExecutionListener, org.springframework.boot.test.mock.mockito.ResetMocksTestExecutionListener, org.springframework.test.context.web.ServletTestExecutionListener, org.springframework.test.context.support.DirtiesContextBeforeModesTestExecutionListener, org.springframework.test.context.event.ApplicationEventsTestExecutionListener, org.springframework.test.context.support.DependencyInjectionTestExecutionListener, org.springframework.test.context.support.DirtiesContextTestExecutionListener, org.springframework.test.context.transaction.TransactionalTestExecutionListener, org.springframework.test.context.jdbc.SqlScriptsTestExecutionListener, org.springframework.test.context.event.EventPublishingTestExecutionListener]
21:53:28.464 [Test worker] DEBUG org.springframework.boot.test.autoconfigure.web.reactive.WebFluxTestContextBootstrapper - Skipping candidate TestExecutionListener [org.springframework.test.context.web.ServletTestExecutionListener] due to a missing dependency. Specify custom listener classes or make the default listener classes and their required dependencies available. Offending class: [javax/servlet/ServletContext]
21:53:28.502 [Test worker] INFO org.springframework.boot.test.autoconfigure.web.reactive.WebFluxTestContextBootstrapper - Using TestExecutionListeners: [org.springframework.test.context.support.DirtiesContextBeforeModesTestExecutionListener@5c10f1c3, org.springframework.test.context.event.ApplicationEventsTestExecutionListener@7ac2e39b, org.springframework.boot.test.mock.mockito.MockitoTestExecutionListener@78365cfa, org.springframework.boot.test.autoconfigure.SpringBootDependencyInjectionTestExecutionListener@64a8c844, org.springframework.test.context.support.DirtiesContextTestExecutionListener@3f6db3fb, org.springframework.test.context.transaction.TransactionalTestExecutionListener@52de51b6, org.springframework.test.context.jdbc.SqlScriptsTestExecutionListener@18c5069b, org.springframework.test.context.event.EventPublishingTestExecutionListener@3a0d172f, org.springframework.boot.test.autoconfigure.restdocs.RestDocsTestExecutionListener@68ad99fe, org.springframework.boot.test.autoconfigure.web.client.MockRestServiceServerResetTestExecutionListener@485e36bc, org.springframework.boot.test.autoconfigure.web.servlet.MockMvcPrintOnlyOnFailureTestExecutionListener@781f10f2, org.springframework.boot.test.autoconfigure.web.servlet.WebDriverTestExecutionListener@2a79d4b1, org.springframework.boot.test.autoconfigure.webservices.client.MockWebServiceServerTestExecutionListener@2e9fda69, org.springframework.boot.test.mock.mockito.ResetMocksTestExecutionListener@17cdf2d0]
21:53:28.513 [Test worker] DEBUG org.springframework.test.context.support.AbstractDirtiesContextTestExecutionListener - Before test class: context [DefaultTestContext@48a12036 testClass = PresencaServiceTests, testInstance = [null], testMethod = [null], testException = [null], mergedContextConfiguration = [ReactiveWebMergedContextConfiguration@bf1ec20 testClass = PresencaServiceTests, locations = '{}', classes = '{class com.letscode.classesapi.ClassesApiApplication}', contextInitializerClasses = '[]', activeProfiles = '{}', propertySourceLocations = '{}', propertySourceProperties = '{org.springframework.boot.test.autoconfigure.web.reactive.WebFluxTestContextBootstrapper=true}', contextCustomizers = set[org.springframework.boot.test.autoconfigure.OverrideAutoConfigurationContextCustomizerFactory$DisableAutoConfigurationContextCustomizer@3ad2e17, org.springframework.boot.test.autoconfigure.actuate.metrics.MetricsExportContextCustomizerFactory$DisableMetricExportContextCustomizer@1608bcbd, org.springframework.boot.test.autoconfigure.filter.TypeExcludeFiltersContextCustomizer@34e374ab, org.springframework.boot.test.autoconfigure.properties.PropertyMappingContextCustomizer@d2fdfa79, org.springframework.boot.test.autoconfigure.web.servlet.WebDriverContextCustomizerFactory$Customizer@47f9738, [ImportsContextCustomizer@70efb718 key = [org.springframework.boot.autoconfigure.cache.CacheAutoConfiguration, org.springframework.boot.autoconfigure.gson.GsonAutoConfiguration, org.springframework.boot.autoconfigure.jackson.JacksonAutoConfiguration, org.springframework.boot.autoconfigure.jsonb.JsonbAutoConfiguration, org.springframework.boot.autoconfigure.context.MessageSourceAutoConfiguration, org.springframework.boot.autoconfigure.freemarker.FreeMarkerAutoConfiguration, org.springframework.boot.autoconfigure.http.codec.CodecsAutoConfiguration, org.springframework.boot.autoconfigure.mustache.MustacheAutoConfiguration, org.springframework.boot.autoconfigure.thymeleaf.ThymeleafAutoConfiguration, org.springframework.boot.autoconfigure.validation.ValidationAutoConfiguration, org.springframework.boot.autoconfigure.web.reactive.WebFluxAutoConfiguration, org.springframework.boot.autoconfigure.web.reactive.error.ErrorWebFluxAutoConfiguration, org.springframework.boot.autoconfigure.security.oauth2.client.reactive.ReactiveOAuth2ClientAutoConfiguration, org.springframework.boot.autoconfigure.security.oauth2.resource.reactive.ReactiveOAuth2ResourceServerAutoConfiguration, org.springframework.boot.autoconfigure.security.reactive.ReactiveSecurityAutoConfiguration, org.springframework.boot.autoconfigure.security.reactive.ReactiveUserDetailsServiceAutoConfiguration, org.springframework.boot.test.autoconfigure.web.reactive.WebTestClientAutoConfiguration, com.letscode.classesapi.service.PresencaService, com.letscode.classesapi.gateway.AlunosGateway, com.letscode.classesapi.gateway.TurmaGateway]], org.springframework.boot.test.context.filter.ExcludeFilterContextCustomizer@2c1156a7, org.springframework.boot.test.json.DuplicateJsonObjectContextCustomizerFactory$DuplicateJsonObjectContextCustomizer@691939c9, org.springframework.boot.test.mock.mockito.MockitoContextCustomizer@0, org.springframework.boot.test.context.SpringBootTestArgs@1, org.springframework.boot.test.context.SpringBootTestWebEnvironment@0], contextLoader = 'org.springframework.boot.test.context.SpringBootContextLoader', parent = [null]], attributes = map[[empty]]], class annotated with @DirtiesContext [false] with mode [null].
21:53:28.644 [Test worker] DEBUG org.springframework.test.context.support.DependencyInjectionTestExecutionListener - Performing dependency injection for test context [[DefaultTestContext@48a12036 testClass = PresencaServiceTests, testInstance = com.letscode.classesapi.PresencaServiceTests@269f4bad, testMethod = [null], testException = [null], mergedContextConfiguration = [ReactiveWebMergedContextConfiguration@bf1ec20 testClass = PresencaServiceTests, locations = '{}', classes = '{class com.letscode.classesapi.ClassesApiApplication}', contextInitializerClasses = '[]', activeProfiles = '{}', propertySourceLocations = '{}', propertySourceProperties = '{org.springframework.boot.test.autoconfigure.web.reactive.WebFluxTestContextBootstrapper=true}', contextCustomizers = set[org.springframework.boot.test.autoconfigure.OverrideAutoConfigurationContextCustomizerFactory$DisableAutoConfigurationContextCustomizer@3ad2e17, org.springframework.boot.test.autoconfigure.actuate.metrics.MetricsExportContextCustomizerFactory$DisableMetricExportContextCustomizer@1608bcbd, org.springframework.boot.test.autoconfigure.filter.TypeExcludeFiltersContextCustomizer@34e374ab, org.springframework.boot.test.autoconfigure.properties.PropertyMappingContextCustomizer@d2fdfa79, org.springframework.boot.test.autoconfigure.web.servlet.WebDriverContextCustomizerFactory$Customizer@47f9738, [ImportsContextCustomizer@70efb718 key = [org.springframework.boot.autoconfigure.cache.CacheAutoConfiguration, org.springframework.boot.autoconfigure.gson.GsonAutoConfiguration, org.springframework.boot.autoconfigure.jackson.JacksonAutoConfiguration, org.springframework.boot.autoconfigure.jsonb.JsonbAutoConfiguration, org.springframework.boot.autoconfigure.context.MessageSourceAutoConfiguration, org.springframework.boot.autoconfigure.freemarker.FreeMarkerAutoConfiguration, org.springframework.boot.autoconfigure.http.codec.CodecsAutoConfiguration, org.springframework.boot.autoconfigure.mustache.MustacheAutoConfiguration, org.springframework.boot.autoconfigure.thymeleaf.ThymeleafAutoConfiguration, org.springframework.boot.autoconfigure.validation.ValidationAutoConfiguration, org.springframework.boot.autoconfigure.web.reactive.WebFluxAutoConfiguration, org.springframework.boot.autoconfigure.web.reactive.error.ErrorWebFluxAutoConfiguration, org.springframework.boot.autoconfigure.security.oauth2.client.reactive.ReactiveOAuth2ClientAutoConfiguration, org.springframework.boot.autoconfigure.security.oauth2.resource.reactive.ReactiveOAuth2ResourceServerAutoConfiguration, org.springframework.boot.autoconfigure.security.reactive.ReactiveSecurityAutoConfiguration, org.springframework.boot.autoconfigure.security.reactive.ReactiveUserDetailsServiceAutoConfiguration, org.springframework.boot.test.autoconfigure.web.reactive.WebTestClientAutoConfiguration, com.letscode.classesapi.service.PresencaService, com.letscode.classesapi.gateway.AlunosGateway, com.letscode.classesapi.gateway.TurmaGateway]], org.springframework.boot.test.context.filter.ExcludeFilterContextCustomizer@2c1156a7, org.springframework.boot.test.json.DuplicateJsonObjectContextCustomizerFactory$DuplicateJsonObjectContextCustomizer@691939c9, org.springframework.boot.test.mock.mockito.MockitoContextCustomizer@0, org.springframework.boot.test.context.SpringBootTestArgs@1, org.springframework.boot.test.context.SpringBootTestWebEnvironment@0], contextLoader = 'org.springframework.boot.test.context.SpringBootContextLoader', parent = [null]], attributes = map['org.springframework.test.context.event.ApplicationEventsTestExecutionListener.recordApplicationEvents' -> false]]].

  .   ____          _            __ _ _
 /\\ / ___'_ __ _ _(_)_ __  __ _ \ \ \ \
( ( )\___ | '_ | '_| | '_ \/ _` | \ \ \ \
 \\/  ___)| |_)| | | | | || (_| |  ) ) ) )
  '  |____| .__|_| |_|_| |_\__, | / / / /
 =========|_|==============|___/=/_/_/_/
 :: Spring Boot ::                (v2.6.7)

2022-05-20 21:53:34.333  INFO 5335 --- [    Test worker] c.l.classesapi.PresencaServiceTests      : Starting PresencaServiceTests using Java 18.0.1.1 on MacBook-Pro-de-Ricardo.local with PID 5335 (started by ricardomaiostri in /Users/ricardomaiostri/classes-api)
2022-05-20 21:53:34.335  INFO 5335 --- [    Test worker] c.l.classesapi.PresencaServiceTests      : No active profile set, falling back to 1 default profile: "default"
2022-05-20 21:53:35.964  INFO 5335 --- [    Test worker] c.l.classesapi.PresencaServiceTests      : Started PresencaServiceTests in 7.267 seconds (JVM running for 9.534)
]]></system-out>
  <system-err><![CDATA[]]></system-err>
</testsuite>
